[LOG] System::create                           : Header version = 2.01.09. Current version = 2.01.09.
[LOG] Manager::init                            : maxchannels = 256 studioflags = 00000006 flags 00000000 extradriverdata 0000000000000000.
[LOG] SystemI::init                            : Initialize version=20109 (115889), maxchannels=256, flags=0x00020000
[LOG] SystemI::setOutputInternal               : Setting output to 'FMOD WASAPI Output'
[LOG] OutputWASAPI::init                       : Mix Format (WAVEFORMATEX): wFormatTag=0xFFFE, nChannels=2, nSamplesPerSec=48000, nAvgBytesPerSec=384000, nBlockAlign=8, wBitsPerSample=32, cbSize=22.
[LOG] OutputWASAPI::init                       : Mix Format (WAVEFORMATEXTENSIBLE): wValidBitsPerSample=32, dwChannelMask=0x00000003, SubFormat=00000003-0000-0010-8000-00AA00389B71.
[LOG] OutputWASAPI::init                       : Output buffer size: 4096 samples, latency: 0.00ms, period: 10.00ms, DSP buffer: 1024 * 4
[LOG] Thread::initThread                       : Init FMOD stream thread. Affinity: 0x8000000000000003, Priority: 0xFFFF7FFB, Stack Size: 98304, Semaphore: No, Sleep Time: 10, Looping: Yes.
[LOG] Thread::initThread                       : Init FMOD mixer thread. Affinity: 0x8000000000000001, Priority: 0xFFFF7FFA, Stack Size: 81920, Semaphore: No, Sleep Time: 0, Looping: Yes.
[LOG] AsyncManager::init                       : manager 0000025A8DBF6E08 isAsync 0 updatePeriod 0.02
[LOG] AsyncManager::init                       : done
[LOG] PlaybackSystem::init                     : 
[LOG] Thread::initThread                       : Init FMOD Studio sample load thread. Affinity: 0x8000000000000003, Priority: 0xFFFF7FFD, Stack Size: 98304, Semaphore: No, Sleep Time: 1, Looping: No.
[LOG] PlaybackSystem::init                     : done
[LOG] Thread::initThread                       : Init FMOD Studio bank load thread. Affinity: 0x8000000000000003, Priority: 0xFFFF7FFD, Stack Size: 98304, Semaphore: No, Sleep Time: 1, Looping: No.
[LOG] Manager::init                            : done.
[LOG] Manager::readBank                        : fileversion = 135, compatVersion = 132 (oldest = 44, newest = 135)
[LOG] Manager::readBank                        : fileversion = 135, compatVersion = 132 (oldest = 44, newest = 135)
[LOG] SystemI::createSoundInternal             : Create name='', mode=0x02000202
[LOG] SystemI::createSoundInternal             : exinfo->cbsize             = 224
[LOG] SystemI::createSoundInternal             : exinfo->length             = 5788160
[LOG] SystemI::createSoundInternal             : exinfo->fileoffset         = 37280
[LOG] SystemI::createSoundInternal             : exinfo->numsubsounds       = 1
[LOG] SystemI::createSoundInternal             : exinfo->inclusionlist      = 000000A5F4C2F2E8
[LOG] SystemI::createSoundInternal             : exinfo->inclusionlistnum   = 1
[LOG] SystemI::createSoundInternal             : exinfo->suggestedsoundtype = 5
[LOG] SystemI::createSoundInternal             : exinfo->useropen           = 00007FFA87C47D70
[LOG] SystemI::createSoundInternal             : exinfo->userclose          = 00007FFA87C47D40
[LOG] SystemI::createSoundInternal             : exinfo->userread           = 00007FFA87C47E40
[LOG] SystemI::createSoundInternal             : exinfo->userseek           = 00007FFA87C47F00
[LOG] SystemI::createSoundInternal             : exinfo->fileuserdata       = 000002596297C268
[LOG] SystemI::createSoundInternal             : exinfo->initialseekpostype = 1
[LOG] SystemI::DSPCodecPoolRegister            : register codec pool for pool type 5
[LOG] SystemI::createSoundInternal             : Sample 0/1: name='Steam 07', format=5, channels=2, frequency=48000, lengthbytes=16256, lengthpcm=62353, pcmblocksize=0, loopstart=0, loopend=0, mode=0x00000000, channelmask=0x00000000, channelorder=0, peakvolume=0.490814.
[LOG] SystemI::createSoundInternal             : Create name='', mode=0x02000202
[LOG] SystemI::createSoundInternal             : exinfo->cbsize             = 224
[LOG] SystemI::createSoundInternal             : exinfo->length             = 5788160
[LOG] SystemI::createSoundInternal             : exinfo->fileoffset         = 37280
[LOG] SystemI::createSoundInternal             : exinfo->numsubsounds       = 1
[LOG] SystemI::createSoundInternal             : exinfo->inclusionlist      = 000000A5F4C2F2E8
[LOG] SystemI::createSoundInternal             : exinfo->inclusionlistnum   = 1
[LOG] SystemI::createSoundInternal             : exinfo->suggestedsoundtype = 5
[LOG] SystemI::createSoundInternal             : exinfo->useropen           = 00007FFA87C47D70
[LOG] SystemI::createSoundInternal             : exinfo->userclose          = 00007FFA87C47D40
[LOG] SystemI::createSoundInternal             : exinfo->userread           = 00007FFA87C47E40
[LOG] SystemI::createSoundInternal             : exinfo->userseek           = 00007FFA87C47F00
[LOG] SystemI::createSoundInternal             : exinfo->fileuserdata       = 000002596297C268
[LOG] SystemI::createSoundInternal             : exinfo->initialseekpostype = 1
[LOG] SystemI::DSPCodecPoolRegister            : register codec pool for pool type 5
[LOG] SystemI::createSoundInternal             : Sample 0/1: name='Steam 09', format=5, channels=2, frequency=48000, lengthbytes=16032, lengthpcm=61138, pcmblocksize=0, loopstart=0, loopend=0, mode=0x00000000, channelmask=0x00000000, channelorder=0, peakvolume=0.586792.
[LOG] SystemI::createSoundInternal             : Create name='', mode=0x02000202
[LOG] SystemI::createSoundInternal             : exinfo->cbsize             = 224
[LOG] SystemI::createSoundInternal             : exinfo->length             = 5788160
[LOG] SystemI::createSoundInternal             : exinfo->fileoffset         = 37280
[LOG] SystemI::createSoundInternal             : exinfo->numsubsounds       = 1
[LOG] SystemI::createSoundInternal             : exinfo->inclusionlist      = 000000A5F4C2F2E8
[LOG] SystemI::createSoundInternal             : exinfo->inclusionlistnum   = 1
[LOG] SystemI::createSoundInternal             : exinfo->suggestedsoundtype = 5
[LOG] SystemI::createSoundInternal             : exinfo->useropen           = 00007FFA87C47D70
[LOG] SystemI::createSoundInternal             : exinfo->userclose          = 00007FFA87C47D40
[LOG] SystemI::createSoundInternal             : exinfo->userread           = 00007FFA87C47E40
[LOG] SystemI::createSoundInternal             : exinfo->userseek           = 00007FFA87C47F00
[LOG] SystemI::createSoundInternal             : exinfo->fileuserdata       = 000002596297C268
[LOG] SystemI::createSoundInternal             : exinfo->initialseekpostype = 1
[LOG] SystemI::DSPCodecPoolRegister            : register codec pool for pool type 5
[LOG] SystemI::createSoundInternal             : Sample 0/1: name='Steam 06', format=5, channels=2, frequency=48000, lengthbytes=16288, lengthpcm=59224, pcmblocksize=0, loopstart=0, loopend=0, mode=0x00000000, channelmask=0x00000000, channelorder=0, peakvolume=0.628845.
[LOG] SystemI::createSoundInternal             : Create name='', mode=0x02000202
[LOG] SystemI::createSoundInternal             : exinfo->cbsize             = 224
[LOG] SystemI::createSoundInternal             : exinfo->length             = 5788160
[LOG] SystemI::createSoundInternal             : exinfo->fileoffset         = 37280
[LOG] SystemI::createSoundInternal             : exinfo->numsubsounds       = 1
[LOG] SystemI::createSoundInternal             : exinfo->inclusionlist      = 000000A5F4C2F2E8
[LOG] SystemI::createSoundInternal             : exinfo->inclusionlistnum   = 1
[LOG] SystemI::createSoundInternal             : exinfo->suggestedsoundtype = 5
[LOG] SystemI::createSoundInternal             : exinfo->useropen           = 00007FFA87C47D70
[LOG] SystemI::createSoundInternal             : exinfo->userclose          = 00007FFA87C47D40
[LOG] SystemI::createSoundInternal             : exinfo->userread           = 00007FFA87C47E40
[LOG] SystemI::createSoundInternal             : exinfo->userseek           = 00007FFA87C47F00
[LOG] SystemI::createSoundInternal             : exinfo->fileuserdata       = 000002596297C268
[LOG] SystemI::createSoundInternal             : exinfo->initialseekpostype = 1
[LOG] SystemI::DSPCodecPoolRegister            : register codec pool for pool type 5
[LOG] SystemI::createSoundInternal             : Sample 0/1: name='Steam 03', format=5, channels=2, frequency=48000, lengthbytes=16928, lengthpcm=64940, pcmblocksize=0, loopstart=0, loopend=0, mode=0x00000000, channelmask=0x00000000, channelorder=0, peakvolume=0.543640.
[LOG] SystemI::createSoundInternal             : Create name='', mode=0x02000202
[LOG] SystemI::createSoundInternal             : exinfo->cbsize             = 224
[LOG] SystemI::createSoundInternal             : exinfo->length             = 5788160
[LOG] SystemI::createSoundInternal             : exinfo->fileoffset         = 37280
[LOG] SystemI::createSoundInternal             : exinfo->numsubsounds       = 1
[LOG] SystemI::createSoundInternal             : exinfo->inclusionlist      = 000000A5F4C2F2E8
[LOG] SystemI::createSoundInternal             : exinfo->inclusionlistnum   = 1
[LOG] SystemI::createSoundInternal             : exinfo->suggestedsoundtype = 5
[LOG] SystemI::createSoundInternal             : exinfo->useropen           = 00007FFA87C47D70
[LOG] SystemI::createSoundInternal             : exinfo->userclose          = 00007FFA87C47D40
[LOG] SystemI::createSoundInternal             : exinfo->userread           = 00007FFA87C47E40
[LOG] SystemI::createSoundInternal             : exinfo->userseek           = 00007FFA87C47F00
[LOG] SystemI::createSoundInternal             : exinfo->fileuserdata       = 000002596297C268
[LOG] SystemI::createSoundInternal             : exinfo->initialseekpostype = 1
[LOG] SystemI::DSPCodecPoolRegister            : register codec pool for pool type 5
[LOG] SystemI::createSoundInternal             : Sample 0/1: name='Steam 10', format=5, channels=2, frequency=48000, lengthbytes=14912, lengthpcm=56155, pcmblocksize=0, loopstart=0, loopend=0, mode=0x00000000, channelmask=0x00000000, channelorder=0, peakvolume=0.541595.
[LOG] SystemI::createSoundInternal             : Create name='', mode=0x02000202
[LOG] SystemI::createSoundInternal             : exinfo->cbsize             = 224
[LOG] SystemI::createSoundInternal             : exinfo->length             = 5788160
[LOG] SystemI::createSoundInternal             : exinfo->fileoffset         = 37280
[LOG] SystemI::createSoundInternal             : exinfo->numsubsounds       = 1
[LOG] SystemI::createSoundInternal             : exinfo->inclusionlist      = 000000A5F4C2F2E8
[LOG] SystemI::createSoundInternal             : exinfo->inclusionlistnum   = 1
[LOG] SystemI::createSoundInternal             : exinfo->suggestedsoundtype = 5
[LOG] SystemI::createSoundInternal             : exinfo->useropen           = 00007FFA87C47D70
[LOG] SystemI::createSoundInternal             : exinfo->userclose          = 00007FFA87C47D40
[LOG] SystemI::createSoundInternal             : exinfo->userread           = 00007FFA87C47E40
[LOG] SystemI::createSoundInternal             : exinfo->userseek           = 00007FFA87C47F00
[LOG] SystemI::createSoundInternal             : exinfo->fileuserdata       = 000002596297C268
[LOG] SystemI::createSoundInternal             : exinfo->initialseekpostype = 1
[LOG] SystemI::DSPCodecPoolRegister            : register codec pool for pool type 5
[LOG] SystemI::createSoundInternal             : Sample 0/1: name='Steam 05', format=5, channels=2, frequency=48000, lengthbytes=16736, lengthpcm=63104, pcmblocksize=0, loopstart=0, loopend=0, mode=0x00000000, channelmask=0x00000000, channelorder=0, peakvolume=0.519501.
[LOG] SystemI::createSoundInternal             : Create name='', mode=0x02000202
[LOG] SystemI::createSoundInternal             : exinfo->cbsize             = 224
[LOG] SystemI::createSoundInternal             : exinfo->length             = 5788160
[LOG] SystemI::createSoundInternal             : exinfo->fileoffset         = 37280
[LOG] SystemI::createSoundInternal             : exinfo->numsubsounds       = 1
[LOG] SystemI::createSoundInternal             : exinfo->inclusionlist      = 000000A5F4C2F2E8
[LOG] SystemI::createSoundInternal             : exinfo->inclusionlistnum   = 1
[LOG] SystemI::createSoundInternal             : exinfo->suggestedsoundtype = 5
[LOG] SystemI::createSoundInternal             : exinfo->useropen           = 00007FFA87C47D70
[LOG] SystemI::createSoundInternal             : exinfo->userclose          = 00007FFA87C47D40
[LOG] SystemI::createSoundInternal             : exinfo->userread           = 00007FFA87C47E40
[LOG] SystemI::createSoundInternal             : exinfo->userseek           = 00007FFA87C47F00
[LOG] SystemI::createSoundInternal             : exinfo->fileuserdata       = 000002596297C268
[LOG] SystemI::createSoundInternal             : exinfo->initialseekpostype = 1
[LOG] SystemI::DSPCodecPoolRegister            : register codec pool for pool type 5
[LOG] SystemI::createSoundInternal             : Sample 0/1: name='Steam 04', format=5, channels=2, frequency=48000, lengthbytes=15968, lengthpcm=59767, pcmblocksize=0, loopstart=0, loopend=0, mode=0x00000000, channelmask=0x00000000, channelorder=0, peakvolume=0.580353.
[LOG] SystemI::createSoundInternal             : Create name='', mode=0x02000202
[LOG] SystemI::createSoundInternal             : exinfo->cbsize             = 224
[LOG] SystemI::createSoundInternal             : exinfo->length             = 5788160
[LOG] SystemI::createSoundInternal             : exinfo->fileoffset         = 37280
[LOG] SystemI::createSoundInternal             : exinfo->numsubsounds       = 1
[LOG] SystemI::createSoundInternal             : exinfo->inclusionlist      = 000000A5F4C2F2E8
[LOG] SystemI::createSoundInternal             : exinfo->inclusionlistnum   = 1
[LOG] SystemI::createSoundInternal             : exinfo->suggestedsoundtype = 5
[LOG] SystemI::createSoundInternal             : exinfo->useropen           = 00007FFA87C47D70
[LOG] SystemI::createSoundInternal             : exinfo->userclose          = 00007FFA87C47D40
[LOG] SystemI::createSoundInternal             : exinfo->userread           = 00007FFA87C47E40
[LOG] SystemI::createSoundInternal             : exinfo->userseek           = 00007FFA87C47F00
[LOG] SystemI::createSoundInternal             : exinfo->fileuserdata       = 000002596297C268
[LOG] SystemI::createSoundInternal             : exinfo->initialseekpostype = 1
[LOG] SystemI::DSPCodecPoolRegister            : register codec pool for pool type 5
[LOG] SystemI::createSoundInternal             : Sample 0/1: name='Steam 02', format=5, channels=2, frequency=48000, lengthbytes=16352, lengthpcm=61810, pcmblocksize=0, loopstart=0, loopend=0, mode=0x00000000, channelmask=0x00000000, channelorder=0, peakvolume=0.661377.
[LOG] SystemI::createSoundInternal             : Create name='', mode=0x02000202
[LOG] SystemI::createSoundInternal             : exinfo->cbsize             = 224
[LOG] SystemI::createSoundInternal             : exinfo->length             = 5788160
[LOG] SystemI::createSoundInternal             : exinfo->fileoffset         = 37280
[LOG] SystemI::createSoundInternal             : exinfo->numsubsounds       = 1
[LOG] SystemI::createSoundInternal             : exinfo->inclusionlist      = 000000A5F4C2F2E8
[LOG] SystemI::createSoundInternal             : exinfo->inclusionlistnum   = 1
[LOG] SystemI::createSoundInternal             : exinfo->suggestedsoundtype = 5
[LOG] SystemI::createSoundInternal             : exinfo->useropen           = 00007FFA87C47D70
[LOG] SystemI::createSoundInternal             : exinfo->userclose          = 00007FFA87C47D40
[LOG] SystemI::createSoundInternal             : exinfo->userread           = 00007FFA87C47E40
[LOG] SystemI::createSoundInternal             : exinfo->userseek           = 00007FFA87C47F00
[LOG] SystemI::createSoundInternal             : exinfo->fileuserdata       = 000002596297C268
[LOG] SystemI::createSoundInternal             : exinfo->initialseekpostype = 1
[LOG] SystemI::DSPCodecPoolRegister            : register codec pool for pool type 5
[LOG] SystemI::createSoundInternal             : Sample 0/1: name='Steam 01', format=5, channels=2, frequency=48000, lengthbytes=17344, lengthpcm=66931, pcmblocksize=0, loopstart=0, loopend=0, mode=0x00000000, channelmask=0x00000000, channelorder=0, peakvolume=0.602203.
[LOG] SystemI::createSoundInternal             : Create name='', mode=0x02000202
[LOG] SystemI::createSoundInternal             : exinfo->cbsize             = 224
[LOG] SystemI::createSoundInternal             : exinfo->length             = 5788160
[LOG] SystemI::createSoundInternal             : exinfo->fileoffset         = 37280
[LOG] SystemI::createSoundInternal             : exinfo->numsubsounds       = 1
[LOG] SystemI::createSoundInternal             : exinfo->inclusionlist      = 000000A5F4C2F2E8
[LOG] SystemI::createSoundInternal             : exinfo->inclusionlistnum   = 1
[LOG] SystemI::createSoundInternal             : exinfo->suggestedsoundtype = 5
[LOG] SystemI::createSoundInternal             : exinfo->useropen           = 00007FFA87C47D70
[LOG] SystemI::createSoundInternal             : exinfo->userclose          = 00007FFA87C47D40
[LOG] SystemI::createSoundInternal             : exinfo->userread           = 00007FFA87C47E40
[LOG] SystemI::createSoundInternal             : exinfo->userseek           = 00007FFA87C47F00
[LOG] SystemI::createSoundInternal             : exinfo->fileuserdata       = 000002596297C268
[LOG] SystemI::createSoundInternal             : exinfo->initialseekpostype = 1
[LOG] SystemI::DSPCodecPoolRegister            : register codec pool for pool type 5
[LOG] SystemI::createSoundInternal             : Sample 0/1: name='Steam 08', format=5, channels=2, frequency=48000, lengthbytes=15456, lengthpcm=56742, pcmblocksize=0, loopstart=0, loopend=0, mode=0x00000000, channelmask=0x00000000, channelorder=0, peakvolume=0.523651.
[LOG] SystemI::createSoundInternal             : Create name='', mode=0x02000202
[LOG] SystemI::createSoundInternal             : exinfo->cbsize             = 224
[LOG] SystemI::createSoundInternal             : exinfo->length             = 5788160
[LOG] SystemI::createSoundInternal             : exinfo->fileoffset         = 37280
[LOG] SystemI::createSoundInternal             : exinfo->numsubsounds       = 1
[LOG] SystemI::createSoundInternal             : exinfo->inclusionlist      = 000000A5F4C2F2E8
[LOG] SystemI::createSoundInternal             : exinfo->inclusionlistnum   = 1
[LOG] SystemI::createSoundInternal             : exinfo->suggestedsoundtype = 5
[LOG] SystemI::createSoundInternal             : exinfo->useropen           = 00007FFA87C47D70
[LOG] SystemI::createSoundInternal             : exinfo->userclose          = 00007FFA87C47D40
[LOG] SystemI::createSoundInternal             : exinfo->userread           = 00007FFA87C47E40
[LOG] SystemI::createSoundInternal             : exinfo->userseek           = 00007FFA87C47F00
[LOG] SystemI::createSoundInternal             : exinfo->fileuserdata       = 0000025998B0F078
[LOG] SystemI::createSoundInternal             : exinfo->initialseekpostype = 1
[LOG] SystemI::DSPCodecPoolRegister            : register codec pool for pool type 5
[LOG] SystemI::createSoundInternal             : Sample 0/1: name='508483-FreightTrainHorn23', format=5, channels=2, frequency=48000, lengthbytes=37056, lengthpcm=152484, pcmblocksize=0, loopstart=0, loopend=0, mode=0x00000000, channelmask=0x00000000, channelorder=0, peakvolume=0.977237.
[LOG] SystemI::createSoundInternal             : Create name='', mode=0x02000202
[LOG] SystemI::createSoundInternal             : exinfo->cbsize             = 224
[LOG] SystemI::createSoundInternal             : exinfo->length             = 5788160
[LOG] SystemI::createSoundInternal             : exinfo->fileoffset         = 37280
[LOG] SystemI::createSoundInternal             : exinfo->numsubsounds       = 1
[LOG] SystemI::createSoundInternal             : exinfo->inclusionlist      = 000000A5F4C2F2E8
[LOG] SystemI::createSoundInternal             : exinfo->inclusionlistnum   = 1
[LOG] SystemI::createSoundInternal             : exinfo->suggestedsoundtype = 5
[LOG] SystemI::createSoundInternal             : exinfo->useropen           = 00007FFA87C47D70
[LOG] SystemI::createSoundInternal             : exinfo->userclose          = 00007FFA87C47D40
[LOG] SystemI::createSoundInternal             : exinfo->userread           = 00007FFA87C47E40
[LOG] SystemI::createSoundInternal             : exinfo->userseek           = 00007FFA87C47F00
[LOG] SystemI::createSoundInternal             : exinfo->fileuserdata       = 0000025998B0F078
[LOG] SystemI::createSoundInternal             : exinfo->initialseekpostype = 1
[LOG] SystemI::DSPCodecPoolRegister            : register codec pool for pool type 5
[LOG] SystemI::createSoundInternal             : Sample 0/1: name='508484-FreightTrainHorn24', format=5, channels=2, frequency=48000, lengthbytes=22976, lengthpcm=105270, pcmblocksize=0, loopstart=0, loopend=0, mode=0x00000000, channelmask=0x00000000, channelorder=0, peakvolume=0.937840.
[LOG] SystemI::createSoundInternal             : Create name='', mode=0x02000202
[LOG] SystemI::createSoundInternal             : exinfo->cbsize             = 224
[LOG] SystemI::createSoundInternal             : exinfo->length             = 5788160
[LOG] SystemI::createSoundInternal             : exinfo->fileoffset         = 37280
[LOG] SystemI::createSoundInternal             : exinfo->numsubsounds       = 1
[LOG] SystemI::createSoundInternal             : exinfo->inclusionlist      = 000000A5F4C2F2E8
[LOG] SystemI::createSoundInternal             : exinfo->inclusionlistnum   = 1
[LOG] SystemI::createSoundInternal             : exinfo->suggestedsoundtype = 5
[LOG] SystemI::createSoundInternal             : exinfo->useropen           = 00007FFA87C47D70
[LOG] SystemI::createSoundInternal             : exinfo->userclose          = 00007FFA87C47D40
[LOG] SystemI::createSoundInternal             : exinfo->userread           = 00007FFA87C47E40
[LOG] SystemI::createSoundInternal             : exinfo->userseek           = 00007FFA87C47F00
[LOG] SystemI::createSoundInternal             : exinfo->fileuserdata       = 0000025998B0F078
[LOG] SystemI::createSoundInternal             : exinfo->initialseekpostype = 1
[LOG] SystemI::DSPCodecPoolRegister            : register codec pool for pool type 5
[LOG] SystemI::createSoundInternal             : Sample 0/1: name='508480-FreightTrainHorn20', format=5, channels=2, frequency=48000, lengthbytes=30304, lengthpcm=128258, pcmblocksize=0, loopstart=0, loopend=0, mode=0x00000000, channelmask=0x00000000, channelorder=0, peakvolume=1.000000.
[LOG] SystemI::createSoundInternal             : Create name='', mode=0x02000202
[LOG] SystemI::createSoundInternal             : exinfo->cbsize             = 224
[LOG] SystemI::createSoundInternal             : exinfo->length             = 5788160
[LOG] SystemI::createSoundInternal             : exinfo->fileoffset         = 37280
[LOG] SystemI::createSoundInternal             : exinfo->numsubsounds       = 1
[LOG] SystemI::createSoundInternal             : exinfo->inclusionlist      = 000000A5F4C2F2E8
[LOG] SystemI::createSoundInternal             : exinfo->inclusionlistnum   = 1
[LOG] SystemI::createSoundInternal             : exinfo->suggestedsoundtype = 5
[LOG] SystemI::createSoundInternal             : exinfo->useropen           = 00007FFA87C47D70
[LOG] SystemI::createSoundInternal             : exinfo->userclose          = 00007FFA87C47D40
[LOG] SystemI::createSoundInternal             : exinfo->userread           = 00007FFA87C47E40
[LOG] SystemI::createSoundInternal             : exinfo->userseek           = 00007FFA87C47F00
[LOG] SystemI::createSoundInternal             : exinfo->fileuserdata       = 0000025998B0F078
[LOG] SystemI::createSoundInternal             : exinfo->initialseekpostype = 1
[LOG] SystemI::DSPCodecPoolRegister            : register codec pool for pool type 5
[LOG] SystemI::createSoundInternal             : Sample 0/1: name='508485-FreightTrainHorn25', format=5, channels=2, frequency=48000, lengthbytes=24544, lengthpcm=103696, pcmblocksize=0, loopstart=0, loopend=0, mode=0x00000000, channelmask=0x00000000, channelorder=0, peakvolume=0.943225.
[LOG] SystemI::createSoundInternal             : Create name='', mode=0x02000202
[LOG] SystemI::createSoundInternal             : exinfo->cbsize             = 224
[LOG] SystemI::createSoundInternal             : exinfo->length             = 5788160
[LOG] SystemI::createSoundInternal             : exinfo->fileoffset         = 37280
[LOG] SystemI::createSoundInternal             : exinfo->numsubsounds       = 1
[LOG] SystemI::createSoundInternal             : exinfo->inclusionlist      = 000000A5F4C2F2E8
[LOG] SystemI::createSoundInternal             : exinfo->inclusionlistnum   = 1
[LOG] SystemI::createSoundInternal             : exinfo->suggestedsoundtype = 5
[LOG] SystemI::createSoundInternal             : exinfo->useropen           = 00007FFA87C47D70
[LOG] SystemI::createSoundInternal             : exinfo->userclose          = 00007FFA87C47D40
[LOG] SystemI::createSoundInternal             : exinfo->userread           = 00007FFA87C47E40
[LOG] SystemI::createSoundInternal             : exinfo->userseek           = 00007FFA87C47F00
[LOG] SystemI::createSoundInternal             : exinfo->fileuserdata       = 0000025998B0F078
[LOG] SystemI::createSoundInternal             : exinfo->initialseekpostype = 1
[LOG] SystemI::DSPCodecPoolRegister            : register codec pool for pool type 5
[LOG] SystemI::createSoundInternal             : Sample 0/1: name='508482-FreightTrainHorn22', format=5, channels=2, frequency=48000, lengthbytes=27104, lengthpcm=120260, pcmblocksize=0, loopstart=0, loopend=0, mode=0x00000000, channelmask=0x00000000, channelorder=0, peakvolume=0.977237.
[LOG] SystemI::createSoundInternal             : Create name='', mode=0x02000202
[LOG] SystemI::createSoundInternal             : exinfo->cbsize             = 224
[LOG] SystemI::createSoundInternal             : exinfo->length             = 5788160
[LOG] SystemI::createSoundInternal             : exinfo->fileoffset         = 37280
[LOG] SystemI::createSoundInternal             : exinfo->numsubsounds       = 1
[LOG] SystemI::createSoundInternal             : exinfo->inclusionlist      = 000000A5F4C2F2E8
[LOG] SystemI::createSoundInternal             : exinfo->inclusionlistnum   = 1
[LOG] SystemI::createSoundInternal             : exinfo->suggestedsoundtype = 5
[LOG] SystemI::createSoundInternal             : exinfo->useropen           = 00007FFA87C47D70
[LOG] SystemI::createSoundInternal             : exinfo->userclose          = 00007FFA87C47D40
[LOG] SystemI::createSoundInternal             : exinfo->userread           = 00007FFA87C47E40
[LOG] SystemI::createSoundInternal             : exinfo->userseek           = 00007FFA87C47F00
[LOG] SystemI::createSoundInternal             : exinfo->fileuserdata       = 0000025998B0F078
[LOG] SystemI::createSoundInternal             : exinfo->initialseekpostype = 1
[LOG] SystemI::DSPCodecPoolRegister            : register codec pool for pool type 5
[LOG] SystemI::createSoundInternal             : Sample 0/1: name='508481-FreightTrainHorn21', format=5, channels=2, frequency=48000, lengthbytes=20448, lengthpcm=91372, pcmblocksize=0, loopstart=0, loopend=0, mode=0x00000000, channelmask=0x00000000, channelorder=0, peakvolume=0.961450.
[LOG] SystemI::createSound                     : filename = Assets/Audio/Master.bank : mode 02010082
[LOG] SystemI::createSound                     : FMOD_NONBLOCKING specified.  Putting into queue to be opened asynchronously!
[LOG] SystemI::createSound                     : setdata soundi = 0000025A8E41A078 : node = 000002595F7E50C0
[LOG] SystemI::createSound                     : add node to async list : head = 0000025A974295F8.  list count = 0
[LOG] AsyncThread::threadFunc                  : Starting Asynchronous operation on sound 0000025A8E41A078
[LOG] SystemI::createSoundInternal             :     Create name='Assets/Audio/Master.bank', mode=0x02010082
[LOG] SystemI::createSoundInternal             :     exinfo->cbsize             = 224
[LOG] SystemI::createSoundInternal             :     exinfo->length             = 5788160
[LOG] SystemI::createSoundInternal             :     exinfo->fileoffset         = 37280
[LOG] SystemI::createSoundInternal             :     exinfo->numsubsounds       = 1
[LOG] SystemI::createSoundInternal             :     exinfo->inclusionlist      = 000002595F7E51D0
[LOG] SystemI::createSoundInternal             :     exinfo->inclusionlistnum   = 1
[LOG] SystemI::createSoundInternal             :     exinfo->suggestedsoundtype = 5
[LOG] SystemI::createSoundInternal             :     exinfo->initialseekpostype = 1
[LOG] SystemI::createSoundInternal             :     Stream 0/1: name='Ragtime 01', format=5, channels=2, frequency=48000, lengthbytes=2446336, lengthpcm=8611200, pcmblocksize=0, loopstart=0, loopend=0, mode=0x00000000, channelmask=0x00000000, channelorder=0, peakvolume=0.988500.
[LOG] AsyncThread::threadFunc                  : Finished Asynchronous operation on sound 0000025A8E41A078
[LOG] SoundI::release                          : Weird music01 (0000025ABD596118)
[LOG] SoundI::release                          :     Weird music01 (00000259997FAED8)
[LOG] SoundI::release                          :     Weird music01 (0000025A8E41A588)
[LOG] SoundI::release                          :  (0000025ABC9E8128)
[LOG] SoundI::release                          :     Steam 01 (000002595F68EE98)
[LOG] SoundI::release                          :  (0000025ABC9E9B08)
[LOG] SoundI::release                          :     Steam 02 (000002595F68ECF8)
[LOG] SoundI::release                          :  (0000025ABC9E9268)
[LOG] SoundI::release                          :     Steam 03 (000002595F68DFF8)
[LOG] SoundI::release                          :  (0000025ABC9EAC48)
[LOG] SoundI::release                          :     Steam 04 (000002595F68E9B8)
[LOG] SoundI::release                          : Ragtime 01 (0000025A8E41A078)
[LOG] SoundI::release                          :     Ragtime 01 (0000025961A5EAC8)
[LOG] SoundI::release                          :     Ragtime 01 (0000025A6B9F5DE8)
[LOG] SoundI::release                          :  (0000025ABC9E75A8)
[LOG] SoundI::release                          :     Steam 05 (000002595F68E678)
[LOG] SoundI::release                          :  (0000025ABC9E8408)
[LOG] SoundI::release                          :     Steam 06 (000002595F68DCB8)
[LOG] SoundI::release                          :  (0000025ABC9E8298)
[LOG] SoundI::release                          :     Steam 07 (000002595F68E198)
[LOG] SoundI::release                          :  (0000025ABC9E93D8)
[LOG] SoundI::release                          :     Steam 08 (0000025961A5E2A8)
[LOG] SoundI::release                          :  (0000025ABC9E90F8)
[LOG] SoundI::release                          :     Steam 09 (000002595F68DB18)
[LOG] SoundI::release                          :  (0000025ABC9E72C8)
[LOG] SoundI::release                          :     Steam 10 (000002595F68D2F8)
[LOG] SoundI::release                          :  (0000025A78192F08)
[LOG] SoundI::release                          :     508480-FreightTrainHorn20 (0000025961A5DC28)
[LOG] SoundI::release                          :  (0000025A78190558)
[LOG] SoundI::release                          :     508481-FreightTrainHorn21 (0000025961A5E788)
[LOG] SoundI::release                          :  (0000025A78191808)
[LOG] SoundI::release                          :     508482-FreightTrainHorn22 (0000025961A5D408)
[LOG] SoundI::release                          :  (0000025A78191AE8)
[LOG] SoundI::release                          :     508483-FreightTrainHorn23 (0000025961A5E108)
[LOG] SoundI::release                          :  (0000025A78194778)
[LOG] SoundI::release                          :     508484-FreightTrainHorn24 (0000025961A5D268)
[LOG] SoundI::release                          :  (0000025A78193A88)
[LOG] SoundI::release                          :     508485-FreightTrainHorn25 (0000025961A5D5A8)
[LOG] Thread::callback                         : FMOD Studio update thread finished.
[LOG] Thread::callback                         : FMOD Studio bank load thread finished.
[LOG] Profile::disconnectAll                   : Profiler disconnecting all clients
[LOG] Thread::callback                         : FMOD Studio sample load thread finished.
[LOG] LiveUpdate::release                      : 
[LOG] LiveUpdate::reset                        : Reset connection (reason Disconnected)
[LOG] Thread::callback                         : FMOD stream thread finished.
[LOG] Thread::callback                         : FMOD mixer thread finished.
[LOG] Profile::disconnectAll                   : Profiler disconnecting all clients
[LOG] SystemI::close                           : Closed.
